Running Issue Log
- Can not save ' in input
- Not use label for accessibility issues
- Popover not acting correctly
- Anyone can edit a set currently: security issue
- Order is lost when cursor.toArray is happening
      cursor.toArray( function(err, docArray){
        log("Question Records", util.inspect( docArray ));
        callback(err, docArray);
      });


Code Carry
/*@baseUIColor: #004F27;*/
@baseUIColor: #FFCC00;
@baseUIAlt: #0C5C05
@btnPrincipleBackground:              @baseUIColor;
/*@btnPrincipleBackgroundHighlight:     lighten(@baseUIColor, 15%);*/
@btnPrincipleBackgroundHighlight:     @baseUIAlt;

 .btn-principle,
.btn-principle:hover {
  color: @white;
  text-shadow: 0 -1px 0 rgba(0,0,0,.25);
}
.btn-principle:active {
  color: rgba(255,255,255,.75);
}